it e ov2
    0.000000000000000 -1455.003845624695259 0.00025404177963204121
    0.000007575757576 -1455.031397086111838 0.00025404177982187823                    0.4
    0.010007575757576 -1491.399374234104698 0.00025538249778734370                  509.3
    0.020007575757576 -1527.767452069997717 0.00025810263944540268                 1033.1
    0.030007575757576 -1564.135623757592839 0.00025925749525477170                 1559.4
    0.040007575757576 -1600.503891415090266 0.00026265055267438056                 2083.5
    0.050007575757576 -1636.872249757505642 0.00026369447270327114                 2605.4
    0.060007575757576 -1673.240698842297434 0.00026650401273425488                 3123.8
    0.070007575757576 -1709.609234728468437 0.00026775796225528867                 3649.8
    0.080007575757576 -1745.977857697467016 0.00027049885899364118                 4170.3
    0.090007575757576 -1782.346565045987745 0.00027273347398887890                 4681.2
    0.100007575757576 -1818.715356434108571 0.00027573639362398443                 5225.4
    0.110007575757576 -1855.084229855046488 0.00027819382013225072                 5736.4
    0.120007575757576 -1891.453184002358057 0.00028063096801451281                 6250.5
    0.130007575757576 -1927.822218373819851 0.00028261846313286463                 6790.1
    0.140007575757576 -1964.191331411267811 0.00028594313111044497                 7302.3
    0.150007575757576 -2000.560522906719825 0.00028867618808156435                 7796.1
    0.160007575757576 -2036.929791417757997 0.00029313980119694189                 8303.4
    0.170007575757576 -2073.299136078974698 0.00029498049838902392                 8818.8
    0.180007575757576 -2109.668557000713008 0.00029901119048785912                 9337.6
    0.190007575757576 -2146.038052285937283 0.00030219427025538474                 9838.9
    0.200007575757576 -2182.407622736956910 0.00030582091719222483                10371.6
    0.210007575757576 -2218.777266528004020 0.00030913691615416230                10883.0
    0.220007575757576 -2255.146983931194882 0.00031278802327703486                11395.7
    0.230007575757576 -2291.516774600040662 0.00031810775833612803                11902.2
    0.240007575757576 -2327.886637930957022 0.00032163551329020409                12405.8
    0.250007575757576 -2364.256573886887509 0.00032666216197964522                12906.7
    0.260007575757576 -2400.626582273444001 0.00033003687128028915                13416.6
    0.270007575757576 -2436.996662056072637 0.00033610008837472592                13942.1
    0.280007575757576 -2473.366814414699093 0.00034019688548010728                14455.3
    0.290007575757576 -2509.737038498997663 0.00034610919255250946                14952.7
    0.300007575757576 -2546.107334229091521 0.00035161054699107725                15457.2
    0.310007575757576 -2582.477701999131114 0.00035649644321301163                15974.8
    0.320007575757576 -2618.848141571063479 0.00036401767034789119                16497.3
    0.330007575757576 -2655.218653388020812 0.00037099577336405530                16994.5
    0.340007575757576 -2691.589237507245798 0.00037507902153933960                17498.2
    0.350007575757576 -2727.959894470195195 0.00038545190445282799                18021.6
    0.360007575757576 -2764.330623966980966 0.00039292429252986254                18527.6
    0.370007575757576 -2800.701426548535892 0.00039717254898009207                19039.7
    0.380007575757576 -2837.072302869755731 0.00040960633405185066                19568.2
    0.390007575757576 -2873.443253393956184 0.00041783367398729560                20088.6
    0.400007575757576 -2909.814278330846719 0.00042590044780642665                20611.1
    0.410007575757576 -2946.185378457234947 0.00043839957510925781                21116.2
    0.420007575757576 -2982.556554711665740 0.00044779176051725297                21637.7
    0.430007575757576 -3018.927807685377502 0.00045940553590782118                22153.0
    0.440007575757576 -3055.299137363714181 0.00047320094362272793                22663.9
    0.450007575757576 -3091.670545986033176 0.00048606807253113478                23171.9
    0.460007575757576 -3128.042033985258058 0.00049894975326109916                23668.1
    0.470007575757576 -3164.413602025762430 0.00051669586107734795                24163.4
    0.480007575757576 -3200.785251760644769 0.00053329159729482458                24664.2
    0.490007575757576 -3237.156984172149805 0.00055028235524017541                25161.8
    0.500007575757576 -3273.528800686847262 0.00057015470240863041                25662.2
    0.510007575757576 -3309.900703030409204 0.00059076170115125715                26161.3
    0.520007575757576 -3346.272692648011343 0.00061680120219954177                26662.4
    0.530007575757576 -3382.644771048654093 0.00064095845598015659                27158.5
    0.540007575757576 -3419.016940178210461 0.00066889630247521197                27683.3
    0.550007575757576 -3455.389202765107711 0.00069775323079904162                28192.6
    0.560007575757576 -3491.761560168553842 0.00073527688634401043                28710.5
    0.570007575757576 -3528.134015214236570 0.00077247798756370490                29236.2
    0.580007575757576 -3564.506570211861344 0.00081188534699959500                29743.5
    0.590007575757576 -3600.879229256729104 0.00086725114183888675                30240.8
    0.600007575757576 -3637.251994250956159 0.00091459318765220248                30737.5
    0.610007575757576 -3673.624869338147164 0.00097420185021989195                31235.4
    0.620007575757576 -3709.997857251019468 0.00104164500406330796                31736.4
    0.630007575757576 -3746.370963360226142 0.00112461700810409428                32283.7
    0.640007575757576 -3782.744193482295941 0.00122142230733842034                32792.2
    0.650007575757576 -3819.117551664151961 0.00132941953236984166                33309.5
    0.660007575757576 -3855.491044010170754 0.00144750869338204245                33808.1
    0.670007575757576 -3891.864675478044774 0.00159098217351896147                34321.5
    0.680007575757576 -3928.238454875527168 0.00176602556193840082                34845.4
    0.690007575757576 -3964.612391553951056 0.00198244085442187117                35373.6
    0.700007575757576 -4000.986495454731994 0.00224634705549641355                35868.4
    0.710007575757576 -4037.360778736750035 0.00257344018415869586                36378.4
    0.720007575757576 -4073.735254335098944 0.00298938360885838729                36901.3
    0.730007575757576 -4110.109937501524655 0.00350677213897686389                37428.0
    0.740007575757576 -4146.484847341176646 0.00415999970497676636                37923.8
    0.750007575757576 -4182.860005603784884 0.00501115581000569250                38448.8
    0.760007575757576 -4219.235439950585715 0.00615304875805711138                38960.8
    0.770007575757576 -4255.611185000988371 0.00772066015168251883                39473.3
    0.780007575757576 -4291.987282704849349 0.00989249255208843846                39990.4
    0.790007575757576 -4328.363785722050125 0.01293084732334139585                40499.5
    0.800007575757576 -4364.740760279056303 0.01723184082733391492                41017.5
    0.810007575757576 -4401.118288846148062 0.02339228038896654441                41534.0
    0.820007575757576 -4437.496474965411835 0.03227107276448789447                42058.2
    0.830007575757576 -4473.875446362495495 0.04505691420106321815                42597.4
    0.840007575757576 -4510.255359808674257 0.06333735694094166924                43124.2
    0.850007575757576 -4546.636402370844735 0.08905425363560973140                43617.7
    0.860007575757576 -4583.018787178434650 0.12422317346331875065                44134.0
    0.870007575757576 -4619.402739372663746 0.17030308043062092338                44630.4
    0.880007575757576 -4655.788468832768558 0.22718455714044841209                45163.2
    0.890007575757576 -4692.176125915306329 0.29199388177174456782                45658.3
    0.900007575757576 -4728.565743833411034 0.35834446864159102963                46151.5
    0.910007575757576 -4764.957185294127157 0.41708717410778894941                46680.1
    0.920007575757576 -4801.350127978837008 0.45918023759996762223                47201.3
    0.930007575757576 -4837.744122479188263 0.47970680563590351042                47719.0
    0.940007575757576 -4874.138720655159887 0.48036111236843731520                48231.5
    0.950007575757576 -4910.533608782136071 0.46820519401272842064                48740.9
    0.960007575757576 -4946.928653007365938 0.45183938934365036610                49254.9
    0.970007575757576 -4983.323845146515851 0.43840487041206982477                49786.8
    0.980007575757576 -5019.719261341991114 0.43221129806257652106                50304.1
    0.990007575757576 -5056.115115183738453 0.43290751272982386233                50827.1
    1.000007575757576 -5092.484205543086318 0.43473338790704174617                51328.0
